timestamp: 2011-02-01T16:41:04.508898
CREATE TABLE auth_user(
    id INTEGER PRIMARY KEY AUTOINCREMENT,
    first_name CHAR(128),
    last_name CHAR(128),
    email CHAR(512),
    password CHAR(512),
    registration_key CHAR(512),
    reset_password_key CHAR(512)
);
success!
timestamp: 2011-02-01T16:41:04.511496
CREATE TABLE auth_group(
    id INTEGER PRIMARY KEY AUTOINCREMENT,
    role CHAR(512),
    description TEXT
);
success!
timestamp: 2011-02-01T16:41:04.513552
CREATE TABLE auth_membership(
    id INTEGER PRIMARY KEY AUTOINCREMENT,
    user_id INTEGER REFERENCES auth_user(id) ON DELETE CASCADE,
    group_id INTEGER REFERENCES auth_group(id) ON DELETE CASCADE
);
success!
timestamp: 2011-02-01T16:41:04.516394
CREATE TABLE auth_permission(
    id INTEGER PRIMARY KEY AUTOINCREMENT,
    group_id INTEGER REFERENCES auth_group(id) ON DELETE CASCADE,
    name CHAR(512),
    table_name CHAR(512),
    record_id INTEGER
);
success!
timestamp: 2011-02-01T16:41:04.518930
CREATE TABLE auth_event(
    id INTEGER PRIMARY KEY AUTOINCREMENT,
    time_stamp TIMESTAMP,
    client_ip CHAR(512),
    user_id INTEGER REFERENCES auth_user(id) ON DELETE CASCADE,
    origin CHAR(512),
    description TEXT
);
success!
timestamp: 2011-02-01T16:41:04.522919
CREATE TABLE project(
    id INTEGER PRIMARY KEY AUTOINCREMENT,
    name CHAR(512) UNIQUE,
    descriptiontext CHAR(512),
    created_on TIMESTAMP,
    created_by INTEGER REFERENCES auth_user(id) ON DELETE CASCADE
);
success!
timestamp: 2011-02-01T16:41:04.526488
CREATE TABLE usecase(
    id INTEGER PRIMARY KEY AUTOINCREMENT,
    project INTEGER REFERENCES project(id) ON DELETE CASCADE,
    number INTEGER,
    name CHAR(512),
    goal_in_context CHAR(512),
    precondition CHAR(512),
    success CHAR(512),
    fail CHAR(512),
    actors CHAR(512),
    description TEXT,
    created_on TIMESTAMP,
    created_by INTEGER REFERENCES auth_user(id) ON DELETE CASCADE
);
success!
timestamp: 2011-02-01T16:41:04.530998
CREATE TABLE variation(
    id INTEGER PRIMARY KEY AUTOINCREMENT,
    usecase INTEGER REFERENCES usecase(id) ON DELETE CASCADE,
    description TEXT
);
success!
timestamp: 2011-02-01T16:41:45.421603
ALTER TABLE project ADD description TEXT;
timestamp: 2011-02-01T16:42:17.572634
ALTER TABLE project ADD client CHAR(512);
timestamp: 2011-02-01T17:42:22.158539
ALTER TABLE usecase ADD related_info TEXT;
